<?xml version="1.0" encoding="UTF-8"?>
<!-- Generated by org.testng.reporters.JUnitReportReporter -->
<testsuite hostname="home-pc" name="testing.TopMenu" tests="1" failures="0" timestamp="1 Apr 2015 20:43:02 GMT" time="7.534" errors="0">
  <testcase name="topMenu" time="7.534" classname="testing.TopMenu"/>
</testsuite> <!-- testing.TopMenu -->
