<?xml version="1.0" encoding="UTF-8"?>
<!-- Generated by org.testng.reporters.JUnitReportReporter -->
<testsuite hostname="home-pc" name="testing.NegativeRegistrationTest" tests="1" failures="0" timestamp="1 Apr 2015 20:43:02 GMT" time="15.115" errors="0">
  <testcase name="negativeRegistrationTest" time="15.115" classname="testing.NegativeRegistrationTest"/>
</testsuite> <!-- testing.NegativeRegistrationTest -->
