<?xml version="1.0" encoding="UTF-8"?>
<!-- Generated by org.testng.reporters.JUnitReportReporter -->
<testsuite hostname="home-pc" name="testing.BuyProduct" tests="1" failures="0" timestamp="1 Apr 2015 20:43:02 GMT" time="2.575" errors="0">
  <testcase name="BuyItemsFromWishList" time="2.575" classname="testing.BuyProduct"/>
</testsuite> <!-- testing.BuyProduct -->
