<?xml version="1.0" encoding="UTF-8"?>
<!-- Generated by org.testng.reporters.JUnitReportReporter -->
<testsuite hostname="home-pc" name="testing.ComparePrices2" tests="1" failures="0" timestamp="1 Apr 2015 20:43:02 GMT" time="7.556" errors="0">
  <testcase name="comparePrices" time="7.556" classname="testing.ComparePrices2"/>
</testsuite> <!-- testing.ComparePrices2 -->
