<?xml version="1.0" encoding="UTF-8"?>
<!-- Generated by org.testng.reporters.JUnitReportReporter -->
<testsuite hostname="home-pc" name="testing.DeleteAll" tests="1" failures="0" timestamp="1 Apr 2015 20:43:02 GMT" time="9.598" errors="0">
  <testcase name="deleteAll" time="9.598" classname="testing.DeleteAll"/>
</testsuite> <!-- testing.DeleteAll -->
