<?xml version="1.0" encoding="UTF-8"?>
<!-- Generated by org.testng.reporters.JUnitReportReporter -->
<testsuite hostname="home-pc" name="testing.WishListProduct" tests="1" failures="0" timestamp="1 Apr 2015 20:43:02 GMT" time="14.935" errors="0">
  <testcase name="addProductToWishList" time="14.935" classname="testing.WishListProduct"/>
</testsuite> <!-- testing.WishListProduct -->
