<?xml version="1.0" encoding="UTF-8"?>
<!-- Generated by org.testng.reporters.JUnitReportReporter -->
<testsuite hostname="home-pc" name="testing.Checkbox" tests="1" failures="0" timestamp="1 Apr 2015 20:43:02 GMT" time="5.313" errors="0">
  <testcase name="Checkbox" time="5.313" classname="testing.Checkbox"/>
</testsuite> <!-- testing.Checkbox -->
